[ 2026-01-11 00:11:12,591 ] 1025 httpx - INFO - HTTP Request: GET https://dagshub.com/api/v1/user "HTTP/1.1 200 OK"
[ 2026-01-11 00:11:12,599 ] 107 dagshub - INFO - Accessing as amangupta-pixel
[ 2026-01-11 00:11:13,619 ] 1025 httpx - INFO - HTTP Request: GET https://dagshub.com/api/v1/repos/amangupta-pixel/networksecurity "HTTP/1.1 200 OK"
[ 2026-01-11 00:11:14,606 ] 1025 httpx - INFO - HTTP Request: GET https://dagshub.com/api/v1/user "HTTP/1.1 200 OK"
[ 2026-01-11 00:11:14,611 ] 107 dagshub - INFO - Initialized MLflow to track repo "amangupta-pixel/networksecurity"
[ 2026-01-11 00:11:14,611 ] 107 dagshub - INFO - Repository amangupta-pixel/networksecurity initialized!
[ 2026-01-11 00:14:23,465 ] 39 root - INFO - Start data Ingestion
[ 2026-01-11 00:14:37,388 ] 65 root - INFO - Performed train test split on the dataframe
[ 2026-01-11 00:14:37,388 ] 67 root - INFO - Exited split_data_as_train_test method of Data_Ingestion class
[ 2026-01-11 00:14:37,444 ] 75 root - INFO - Exporting train and test file path.
[ 2026-01-11 00:14:37,784 ] 84 root - INFO - Exported train and test file path.
[ 2026-01-11 00:14:37,788 ] 42 root - INFO - Data Ingestion completed and artifact: DataIngestionArtifact(trained_file_path='Artifacts\\01_11_2026_00_11_07\\data_ingestion\\ingested\\train.csv', test_file_path='Artifacts\\01_11_2026_00_11_07\\data_ingestion\\ingested\\test.csv')
[ 2026-01-11 00:14:37,827 ] 52 root - INFO - Initiate the data Validation
[ 2026-01-11 00:14:38,008 ] 32 root - INFO - Required number of columns:2
[ 2026-01-11 00:14:38,008 ] 33 root - INFO - Dataframe has columns:31
[ 2026-01-11 00:14:38,008 ] 32 root - INFO - Required number of columns:2
[ 2026-01-11 00:14:38,008 ] 33 root - INFO - Dataframe has columns:31
[ 2026-01-11 00:14:38,805 ] 63 root - INFO - Entered initiate_data_transformation method of DataTransformation class
[ 2026-01-11 00:14:38,805 ] 65 root - INFO - Starting data transformation
[ 2026-01-11 00:14:38,947 ] 48 root - INFO - Entered get_data_trnasformer_object method of Trnasformation class
[ 2026-01-11 00:14:38,948 ] 53 root - INFO - Initialise KNNImputer with {'missing_values': nan, 'n_neighbors': 3, 'weights': 'uniform'}
[ 2026-01-11 00:14:39,003 ] 46 root - INFO - Entered the save_object method of MainUtils class
[ 2026-01-11 00:14:39,015 ] 50 root - INFO - Exited the save_object method of MainUtils class
[ 2026-01-11 00:14:39,015 ] 46 root - INFO - Entered the save_object method of MainUtils class
[ 2026-01-11 00:14:39,042 ] 50 root - INFO - Exited the save_object method of MainUtils class
[ 2026-01-11 00:33:08,087 ] 46 root - INFO - Entered the save_object method of MainUtils class
[ 2026-01-11 00:33:08,088 ] 50 root - INFO - Exited the save_object method of MainUtils class
[ 2026-01-11 00:33:08,088 ] 46 root - INFO - Entered the save_object method of MainUtils class
[ 2026-01-11 00:33:08,200 ] 50 root - INFO - Exited the save_object method of MainUtils class
[ 2026-01-11 00:33:08,228 ] 124 root - INFO - Best Model: RandomForestClassifier(n_estimators=256, verbose=1)
[ 2026-01-11 00:33:08,228 ] 125 root - INFO - Model trainer artifact: ModelTrainerArtifact(trained_model_file_path='Artifacts\\01_11_2026_00_11_07\\model_trainer\\trained_model\\model.pkl', train_metric_artifact=ClassificationMetricArtifact(accuracy_score=0.9898688376300316, f1_score=0.9909087219448841, precision_score=0.9894229210568974, recall_score=0.9923989919518739), test_metric_artifact=ClassificationMetricArtifact(accuracy_score=0.9889642695612845, f1_score=0.9901390236016813, precision_score=0.9896590725480692, recall_score=0.9906194404010998))
