[ 2026-01-10 11:00:06,412 ] 1025 httpx - INFO - HTTP Request: GET https://dagshub.com/api/v1/user "HTTP/1.1 200 OK"
[ 2026-01-10 11:00:06,444 ] 107 dagshub - INFO - Accessing as amangupta-pixel
[ 2026-01-10 11:00:08,592 ] 1025 httpx - INFO - HTTP Request: GET https://dagshub.com/api/v1/repos/amangupta-pixel/networksecurity "HTTP/1.1 200 OK"
[ 2026-01-10 11:00:09,558 ] 1025 httpx - INFO - HTTP Request: GET https://dagshub.com/api/v1/user "HTTP/1.1 200 OK"
[ 2026-01-10 11:00:09,565 ] 107 dagshub - INFO - Initialized MLflow to track repo "amangupta-pixel/networksecurity"
[ 2026-01-10 11:00:09,566 ] 107 dagshub - INFO - Repository amangupta-pixel/networksecurity initialized!
[ 2026-01-10 11:00:50,193 ] 39 root - INFO - Start data Ingestion
[ 2026-01-10 11:01:07,198 ] 65 root - INFO - Performed train test split on the dataframe
[ 2026-01-10 11:01:07,198 ] 67 root - INFO - Exited split_data_as_train_test method of Data_Ingestion class
[ 2026-01-10 11:01:07,199 ] 75 root - INFO - Exporting train and test file path.
[ 2026-01-10 11:01:07,746 ] 84 root - INFO - Exported train and test file path.
[ 2026-01-10 11:01:07,749 ] 42 root - INFO - Data Ingestion completed and artifact: DataIngestionArtifact(trained_file_path='Artifacts\\01_10_2026_10_59_09\\data_ingestion\\ingested\\train.csv', test_file_path='Artifacts\\01_10_2026_10_59_09\\data_ingestion\\ingested\\test.csv')
[ 2026-01-10 11:01:07,788 ] 52 root - INFO - Initiate the data Validation
[ 2026-01-10 11:01:08,034 ] 32 root - INFO - Required number of columns:2
[ 2026-01-10 11:01:08,034 ] 33 root - INFO - Dataframe has columns:31
[ 2026-01-10 11:01:08,034 ] 32 root - INFO - Required number of columns:2
[ 2026-01-10 11:01:08,034 ] 33 root - INFO - Dataframe has columns:31
[ 2026-01-10 11:01:09,059 ] 63 root - INFO - Entered initiate_data_transformation method of DataTransformation class
[ 2026-01-10 11:01:09,059 ] 65 root - INFO - Starting data transformation
[ 2026-01-10 11:01:09,246 ] 48 root - INFO - Entered get_data_trnasformer_object method of Trnasformation class
[ 2026-01-10 11:01:09,247 ] 53 root - INFO - Initialise KNNImputer with {'missing_values': nan, 'n_neighbors': 3, 'weights': 'uniform'}
[ 2026-01-10 11:01:09,343 ] 46 root - INFO - Entered the save_object method of MainUtils class
[ 2026-01-10 11:01:09,374 ] 50 root - INFO - Exited the save_object method of MainUtils class
[ 2026-01-10 11:01:09,374 ] 46 root - INFO - Entered the save_object method of MainUtils class
[ 2026-01-10 11:01:09,494 ] 50 root - INFO - Exited the save_object method of MainUtils class
[ 2026-01-10 11:16:41,665 ] 46 root - INFO - Entered the save_object method of MainUtils class
[ 2026-01-10 11:16:41,679 ] 50 root - INFO - Exited the save_object method of MainUtils class
[ 2026-01-10 11:16:41,680 ] 46 root - INFO - Entered the save_object method of MainUtils class
[ 2026-01-10 11:16:41,770 ] 50 root - INFO - Exited the save_object method of MainUtils class
[ 2026-01-10 11:16:41,795 ] 124 root - INFO - Best Model: RandomForestClassifier(n_estimators=128, verbose=1)
[ 2026-01-10 11:16:41,795 ] 125 root - INFO - Model trainer artifact: ModelTrainerArtifact(trained_model_file_path='Artifacts\\01_10_2026_10_59_09\\model_trainer\\trained_model\\model.pkl', train_metric_artifact=ClassificationMetricArtifact(accuracy_score=0.9900723654454998, f1_score=0.9911106611319227, precision_score=0.9880495781016594, recall_score=0.9941907702307442), test_metric_artifact=ClassificationMetricArtifact(accuracy_score=0.988150158299412, f1_score=0.9894055802668823, precision_score=0.9872498386055519, recall_score=0.9915707570108607))
